<?xml version="1.0" encoding="UTF-8"?>
<!-- Generated by org.testng.reporters.JUnitXMLReporter -->
<testsuite hostname="INDIA-DeepakN" ignored="0" name="Default test" tests="3" failures="0" timestamp="2021-02-04T13:09:10 IST" time="2.993" errors="0">
  <testcase name="addBook" time="2.15" classname="files.dynamicJson"/>
  <testcase name="addBook" time="0.391" classname="files.dynamicJson"/>
  <testcase name="addBook" time="0.404" classname="files.dynamicJson"/>
</testsuite> <!-- Default test -->
