<?xml version="1.0" encoding="UTF-8"?>
<testng-results skipped="0" failed="0" ignored="0" total="3" passed="3">
  <reporter-output>
  </reporter-output>
  <suite name="Default suite" duration-ms="2993" started-at="2021-02-04T13:09:07 IST" finished-at="2021-02-04T13:09:10 IST">
    <groups>
    </groups>
    <test name="Default test" duration-ms="2993" started-at="2021-02-04T13:09:07 IST" finished-at="2021-02-04T13:09:10 IST">
      <class name="files.dynamicJson">
        <test-method status="PASS" signature="addBook(java.lang.String, java.lang.String)[pri:0, instance:files.dynamicJson@63e2203c]" name="addBook" duration-ms="2150" started-at="2021-02-04T13:09:07 IST" data-provider="BookData" finished-at="2021-02-04T13:09:09 IST">
          <params>
            <param index="0">
              <value>
                <![CDATA[sahja]]>
              </value>
            </param>
            <param index="1">
              <value>
                <![CDATA[54643]]>
              </value>
            </param>
          </params>
          <reporter-output>
          </reporter-output>
        </test-method> <!-- addBook -->
        <test-method status="PASS" signature="addBook(java.lang.String, java.lang.String)[pri:0, instance:files.dynamicJson@63e2203c]" name="addBook" duration-ms="391" started-at="2021-02-04T13:09:09 IST" data-provider="BookData" finished-at="2021-02-04T13:09:09 IST">
          <params>
            <param index="0">
              <value>
                <![CDATA[sjahda]]>
              </value>
            </param>
            <param index="1">
              <value>
                <![CDATA[8797]]>
              </value>
            </param>
          </params>
          <reporter-output>
          </reporter-output>
        </test-method> <!-- addBook -->
        <test-method status="PASS" signature="addBook(java.lang.String, java.lang.String)[pri:0, instance:files.dynamicJson@63e2203c]" name="addBook" duration-ms="404" started-at="2021-02-04T13:09:09 IST" data-provider="BookData" finished-at="2021-02-04T13:09:10 IST">
          <params>
            <param index="0">
              <value>
                <![CDATA[uryg]]>
              </value>
            </param>
            <param index="1">
              <value>
                <![CDATA[9735]]>
              </value>
            </param>
          </params>
          <reporter-output>
          </reporter-output>
        </test-method> <!-- addBook -->
      </class> <!-- files.dynamicJson -->
    </test> <!-- Default test -->
  </suite> <!-- Default suite -->
</testng-results>
